<?xml version="1.0" encoding="UTF-8"?>
<testng-results ignored="0" total="1" passed="1" failed="0" skipped="0">
  <reporter-output>
  </reporter-output>
  <suite started-at="2023-01-22T18:12:13 CST" name="Default suite" finished-at="2023-01-22T18:12:42 CST" duration-ms="28390">
    <groups>
    </groups>
    <test started-at="2023-01-22T18:12:13 CST" name="Default test" finished-at="2023-01-22T18:12:42 CST" duration-ms="28390">
      <class name="tests.flipcarttest">
        <test-method is-config="true" signature="init()[pri:0, instance:tests.flipcarttest@1aafa419]" started-at="2023-01-22T18:12:13 CST" name="init" finished-at="2023-01-22T18:12:19 CST" duration-ms="5537" status="PASS">
          <reporter-output>
          </reporter-output>
        </test-method> <!-- init -->
        <test-method signature="verifyPurchaseItem()[pri:0, instance:tests.flipcarttest@1aafa419]" started-at="2023-01-22T18:12:19 CST" name="verifyPurchaseItem" finished-at="2023-01-22T18:12:42 CST" duration-ms="22791" status="PASS">
          <reporter-output>
          </reporter-output>
        </test-method> <!-- verifyPurchaseItem -->
      </class> <!-- tests.flipcarttest -->
    </test> <!-- Default test -->
  </suite> <!-- Default suite -->
</testng-results>
